{"/home/sanjaa/projects/LotteryBackend/src/middleware/adminMiddleware.ts": {"path":"/home/sanjaa/projects/LotteryBackend/src/middleware/adminMiddleware.ts","statementMap":{"0":{"start":{"line":3,"column":13},"end":{"line":11,"column":null}},"1":{"start":{"line":4,"column":4},"end":{"line":11,"column":null}},"2":{"start":{"line":5,"column":8},"end":{"line":6,"column":null}},"3":{"start":{"line":6,"column":12},"end":{"line":6,"column":null}},"4":{"start":{"line":8,"column":8},"end":{"line":8,"column":null}},"5":{"start":{"line":10,"column":8},"end":{"line":10,"column":null}},"6":{"start":{"line":11,"column":8},"end":{"line":11,"column":null}}},"fnMap":{"0":{"name":"(anonymous_0)","decl":{"start":{"line":3,"column":13},"end":{"line":3,"column":32}},"loc":{"start":{"line":3,"column":84},"end":{"line":11,"column":null}},"line":3}},"branchMap":{"0":{"loc":{"start":{"line":5,"column":8},"end":{"line":6,"column":null}},"type":"if","locations":[{"start":{"line":5,"column":8},"end":{"line":6,"column":null}},{"start":{},"end":{}}],"line":5}},"s":{"0":1,"1":2,"2":2,"3":1,"4":1,"5":0,"6":0},"f":{"0":2},"b":{"0":[1,1]},"meta":{"lastBranch":1,"lastFunction":1,"lastStatement":7,"seen":{"s:3:13:11:Infinity":0,"f:3:13:3:32":0,"s:4:4:11:Infinity":1,"b:5:8:6:Infinity:undefined:undefined:undefined:undefined":0,"s:5:8:6:Infinity":2,"s:6:12:6:Infinity":3,"s:8:8:8:Infinity":4,"s:10:8:10:Infinity":5,"s:11:8:11:Infinity":6}}}
,"/home/sanjaa/projects/LotteryBackend/src/middleware/authMiddleware.ts": {"path":"/home/sanjaa/projects/LotteryBackend/src/middleware/authMiddleware.ts","statementMap":{"0":{"start":{"line":5,"column":13},"end":{"line":48,"column":null}},"1":{"start":{"line":6,"column":4},"end":{"line":48,"column":null}},"2":{"start":{"line":8,"column":27},"end":{"line":8,"column":null}},"3":{"start":{"line":9,"column":8},"end":{"line":10,"column":null}},"4":{"start":{"line":10,"column":12},"end":{"line":10,"column":null}},"5":{"start":{"line":14,"column":22},"end":{"line":14,"column":null}},"6":{"start":{"line":15,"column":26},"end":{"line":15,"column":null}},"7":{"start":{"line":16,"column":8},"end":{"line":17,"column":null}},"8":{"start":{"line":17,"column":12},"end":{"line":17,"column":null}},"9":{"start":{"line":19,"column":8},"end":{"line":20,"column":null}},"10":{"start":{"line":20,"column":12},"end":{"line":20,"column":null}},"11":{"start":{"line":24,"column":23},"end":{"line":24,"column":null}},"12":{"start":{"line":25,"column":24},"end":{"line":25,"column":49}},"13":{"start":{"line":26,"column":8},"end":{"line":27,"column":null}},"14":{"start":{"line":27,"column":12},"end":{"line":27,"column":null}},"15":{"start":{"line":31,"column":8},"end":{"line":35,"column":null}},"16":{"start":{"line":37,"column":8},"end":{"line":37,"column":null}},"17":{"start":{"line":39,"column":8},"end":{"line":40,"column":null}},"18":{"start":{"line":40,"column":12},"end":{"line":40,"column":null}},"19":{"start":{"line":43,"column":8},"end":{"line":44,"column":null}},"20":{"start":{"line":44,"column":12},"end":{"line":44,"column":null}},"21":{"start":{"line":47,"column":8},"end":{"line":47,"column":null}},"22":{"start":{"line":48,"column":8},"end":{"line":48,"column":null}}},"fnMap":{"0":{"name":"(anonymous_0)","decl":{"start":{"line":5,"column":13},"end":{"line":5,"column":31}},"loc":{"start":{"line":5,"column":83},"end":{"line":48,"column":null}},"line":5}},"branchMap":{"0":{"loc":{"start":{"line":9,"column":8},"end":{"line":10,"column":null}},"type":"if","locations":[{"start":{"line":9,"column":8},"end":{"line":10,"column":null}},{"start":{},"end":{}}],"line":9},"1":{"loc":{"start":{"line":16,"column":8},"end":{"line":17,"column":null}},"type":"if","locations":[{"start":{"line":16,"column":8},"end":{"line":17,"column":null}},{"start":{},"end":{}}],"line":16},"2":{"loc":{"start":{"line":19,"column":8},"end":{"line":20,"column":null}},"type":"if","locations":[{"start":{"line":19,"column":8},"end":{"line":20,"column":null}},{"start":{},"end":{}}],"line":19},"3":{"loc":{"start":{"line":24,"column":23},"end":{"line":24,"column":null}},"type":"binary-expr","locations":[{"start":{"line":24,"column":23},"end":{"line":24,"column":49}},{"start":{"line":24,"column":49},"end":{"line":24,"column":null}}],"line":24},"4":{"loc":{"start":{"line":26,"column":8},"end":{"line":27,"column":null}},"type":"if","locations":[{"start":{"line":26,"column":8},"end":{"line":27,"column":null}},{"start":{},"end":{}}],"line":26},"5":{"loc":{"start":{"line":39,"column":8},"end":{"line":40,"column":null}},"type":"if","locations":[{"start":{"line":39,"column":8},"end":{"line":40,"column":null}},{"start":{},"end":{}}],"line":39},"6":{"loc":{"start":{"line":43,"column":8},"end":{"line":44,"column":null}},"type":"if","locations":[{"start":{"line":43,"column":8},"end":{"line":44,"column":null}},{"start":{},"end":{}}],"line":43}},"s":{"0":1,"1":6,"2":6,"3":6,"4":1,"5":5,"6":5,"7":5,"8":1,"9":4,"10":1,"11":3,"12":6,"13":6,"14":0,"15":1,"16":1,"17":2,"18":1,"19":1,"20":1,"21":0,"22":0},"f":{"0":6},"b":{"0":[1,5],"1":[1,4],"2":[1,3],"3":[3,1],"4":[0,6],"5":[1,1],"6":[1,0]},"meta":{"lastBranch":7,"lastFunction":1,"lastStatement":23,"seen":{"s:5:13:48:Infinity":0,"f:5:13:5:31":0,"s:6:4:48:Infinity":1,"s:8:27:8:Infinity":2,"b:9:8:10:Infinity:undefined:undefined:undefined:undefined":0,"s:9:8:10:Infinity":3,"s:10:12:10:Infinity":4,"s:14:22:14:Infinity":5,"s:15:26:15:Infinity":6,"b:16:8:17:Infinity:undefined:undefined:undefined:undefined":1,"s:16:8:17:Infinity":7,"s:17:12:17:Infinity":8,"b:19:8:20:Infinity:undefined:undefined:undefined:undefined":2,"s:19:8:20:Infinity":9,"s:20:12:20:Infinity":10,"s:24:23:24:Infinity":11,"b:24:23:24:49:24:49:24:Infinity":3,"s:25:24:25:49":12,"b:26:8:27:Infinity:undefined:undefined:undefined:undefined":4,"s:26:8:27:Infinity":13,"s:27:12:27:Infinity":14,"s:31:8:35:Infinity":15,"s:37:8:37:Infinity":16,"b:39:8:40:Infinity:undefined:undefined:undefined:undefined":5,"s:39:8:40:Infinity":17,"s:40:12:40:Infinity":18,"b:43:8:44:Infinity:undefined:undefined:undefined:undefined":6,"s:43:8:44:Infinity":19,"s:44:12:44:Infinity":20,"s:47:8:47:Infinity":21,"s:48:8:48:Infinity":22}}}
,"/home/sanjaa/projects/LotteryBackend/src/middleware/userMiddleware.ts": {"path":"/home/sanjaa/projects/LotteryBackend/src/middleware/userMiddleware.ts","statementMap":{"0":{"start":{"line":3,"column":13},"end":{"line":11,"column":null}},"1":{"start":{"line":4,"column":4},"end":{"line":11,"column":null}},"2":{"start":{"line":5,"column":8},"end":{"line":6,"column":null}},"3":{"start":{"line":6,"column":12},"end":{"line":6,"column":null}},"4":{"start":{"line":8,"column":8},"end":{"line":8,"column":null}},"5":{"start":{"line":10,"column":8},"end":{"line":10,"column":null}},"6":{"start":{"line":11,"column":8},"end":{"line":11,"column":null}}},"fnMap":{"0":{"name":"(anonymous_0)","decl":{"start":{"line":3,"column":13},"end":{"line":3,"column":31}},"loc":{"start":{"line":3,"column":83},"end":{"line":11,"column":null}},"line":3}},"branchMap":{"0":{"loc":{"start":{"line":5,"column":8},"end":{"line":6,"column":null}},"type":"if","locations":[{"start":{"line":5,"column":8},"end":{"line":6,"column":null}},{"start":{},"end":{}}],"line":5}},"s":{"0":1,"1":2,"2":2,"3":1,"4":1,"5":0,"6":0},"f":{"0":2},"b":{"0":[1,1]},"meta":{"lastBranch":1,"lastFunction":1,"lastStatement":7,"seen":{"s:3:13:11:Infinity":0,"f:3:13:3:31":0,"s:4:4:11:Infinity":1,"b:5:8:6:Infinity:undefined:undefined:undefined:undefined":0,"s:5:8:6:Infinity":2,"s:6:12:6:Infinity":3,"s:8:8:8:Infinity":4,"s:10:8:10:Infinity":5,"s:11:8:11:Infinity":6}}}
,"/home/sanjaa/projects/LotteryBackend/src/utils/code.ts": {"path":"/home/sanjaa/projects/LotteryBackend/src/utils/code.ts","statementMap":{"0":{"start":{"line":3,"column":6},"end":{"line":5,"column":null}},"1":{"start":{"line":8,"column":14},"end":{"line":13,"column":null}},"2":{"start":{"line":9,"column":4},"end":{"line":11,"column":null}},"3":{"start":{"line":9,"column":17},"end":{"line":9,"column":35}},"4":{"start":{"line":10,"column":18},"end":{"line":10,"column":53}},"5":{"start":{"line":11,"column":8},"end":{"line":11,"column":null}},"6":{"start":{"line":13,"column":4},"end":{"line":13,"column":null}},"7":{"start":{"line":16,"column":13},"end":{"line":16,"column":49}},"8":{"start":{"line":16,"column":41},"end":{"line":16,"column":49}}},"fnMap":{"0":{"name":"(anonymous_0)","decl":{"start":{"line":8,"column":14},"end":{"line":8,"column":34}},"loc":{"start":{"line":8,"column":82},"end":{"line":13,"column":null}},"line":8},"1":{"name":"(anonymous_1)","decl":{"start":{"line":16,"column":13},"end":{"line":16,"column":41}},"loc":{"start":{"line":16,"column":41},"end":{"line":16,"column":49}},"line":16}},"branchMap":{},"s":{"0":1,"1":1,"2":1,"3":1,"4":5,"5":5,"6":1,"7":1,"8":1000},"f":{"0":1,"1":1000},"b":{},"meta":{"lastBranch":0,"lastFunction":2,"lastStatement":9,"seen":{"s:3:6:5:Infinity":0,"s:8:14:13:Infinity":1,"f:8:14:8:34":0,"s:9:4:11:Infinity":2,"s:9:17:9:35":3,"s:10:18:10:53":4,"s:11:8:11:Infinity":5,"s:13:4:13:Infinity":6,"s:16:13:16:49":7,"f:16:13:16:41":1,"s:16:41:16:49":8}}}
,"/home/sanjaa/projects/LotteryBackend/src/utils/password.ts": {"path":"/home/sanjaa/projects/LotteryBackend/src/utils/password.ts","statementMap":{"0":{"start":{"line":3,"column":19},"end":{"line":3,"column":null}},"1":{"start":{"line":10,"column":17},"end":{"line":10,"column":56}},"2":{"start":{"line":11,"column":4},"end":{"line":11,"column":null}},"3":{"start":{"line":21,"column":18},"end":{"line":21,"column":69}},"4":{"start":{"line":22,"column":4},"end":{"line":22,"column":null}}},"fnMap":{"0":{"name":"hashPassword","decl":{"start":{"line":9,"column":15},"end":{"line":9,"column":28}},"loc":{"start":{"line":9,"column":63},"end":{"line":11,"column":null}},"line":9},"1":{"name":"comparePasswords","decl":{"start":{"line":20,"column":15},"end":{"line":20,"column":32}},"loc":{"start":{"line":20,"column":97},"end":{"line":22,"column":null}},"line":20}},"branchMap":{},"s":{"0":1,"1":2,"2":2,"3":1,"4":1},"f":{"0":2,"1":1},"b":{},"meta":{"lastBranch":0,"lastFunction":2,"lastStatement":5,"seen":{"s:3:19:3:Infinity":0,"f:9:15:9:28":0,"s:10:17:10:56":1,"s:11:4:11:Infinity":2,"f:20:15:20:32":1,"s:21:18:21:69":3,"s:22:4:22:Infinity":4}}}
}
